<?xml version="1.0" encoding="UTF-8" ?>
<testsuite failures="0" time="2.742" errors="0" skipped="6" tests="7" name="com.weatherforecast.tests.RunCukesTest">
  <properties>
[...]
</properties>
  <testcase time="0.389" classname="Scenario: A happy holiday maker" name="Given I like to holiday in &quot;Sydney&quot;">
    <skipped/>
    <system-out>Feature: This feature is to get the sydney weather forecast
http://api.openweathermap.org/data/2.5/forecast/daily?q=Sydney,AU&amp;cnt=10&amp;APPID=e7239e48c6a7afc50bd9fb2d2adae44b&amp;mode=json
</system-out>
    <system-err>[main] INFO com.weatherforecast.tests.WeatherForecast_StepDefinitions - http query = http://api.openweathermap.org/data/2.5/forecast/daily?q=Sydney,AU&amp;cnt=10&amp;APPID=e7239e48c6a7afc50bd9fb2d2adae44b&amp;mode=json
</system-err>
  </testcase>
  <testcase time="0.39" classname="Scenario: A happy holiday maker" name="And I only like to holiday on Thursdays">
    <skipped/>
  </testcase>
  <testcase time="0.391" classname="Scenario: A happy holiday maker" name="When I look up the weather forecast">
    <skipped/>
  </testcase>
  <testcase time="0.392" classname="Scenario: A happy holiday maker" name="Then I receive the weather forecast">
    <skipped/>
  </testcase>
  <testcase time="0.393" classname="Scenario: A happy holiday maker" name="And the temperature is warmer than 10 degrees">
    <skipped/>
  </testcase>
  <testcase time="0.393" classname="Scenario: A happy holiday maker" name="Scenario: A happy holiday maker">
    <skipped/>
  </testcase>
  <testcase time="0.394" classname="Scenario: A happy holiday maker" name="Scenario: A happy holiday maker"/>
</testsuite>